[0m[[0m[0mdebug[0m] [0m[0m> Exec(run chapter2, None, None)[0m
[0m[[0m[0mdebug[0m] [0m[0mEvaluating tasks: Compile / run[0m
[0m[[0m[0mdebug[0m] [0m[0mRunning task... Cancel: Signal, check cycles: false, forcegc: true[0m
[0m[[0m[0minfo[0m] [0m[0mcompiling 1 Scala source to /Users/jesselord/work/IdeaProjects/functional-programming-in-scala/target/scala-2.13/classes ...[0m
[0m[[0m[31merror[0m] [0m[0m/Users/jesselord/work/IdeaProjects/functional-programming-in-scala/src/main/scala/chapter2.scala:42:46: value ordered of type (A, A) => Boolean does not take type parameters.[0m
[0m[[0m[31merror[0m] [0m[0m      val sortedTest = isSorted(aInt, ordered[Int])[0m
[0m[[0m[31merror[0m] [0m[0m                                             ^[0m
[0m[[0m[31merror[0m] [0m[0m/Users/jesselord/work/IdeaProjects/functional-programming-in-scala/src/main/scala/chapter2.scala:45:48: value ordered of type (A, A) => Boolean does not take type parameters.[0m
[0m[[0m[31merror[0m] [0m[0m      val unSortedTest = isSorted(aStr, ordered[String])[0m
[0m[[0m[31merror[0m] [0m[0m                                               ^[0m
[0m[[0m[31merror[0m] [0m[0m/Users/jesselord/work/IdeaProjects/functional-programming-in-scala/src/main/scala/chapter2.scala:48:49: value ordered of type (A, A) => Boolean does not take type parameters.[0m
[0m[[0m[31merror[0m] [0m[0m      val equalTest = isSorted(aIntEdge, ordered[Int])[0m
[0m[[0m[31merror[0m] [0m[0m                                                ^[0m
[0m[[0m[31merror[0m] [0m[0m/Users/jesselord/work/IdeaProjects/functional-programming-in-scala/src/main/scala/chapter2.scala:51:11: No implicit view available from A => Ordered[A].[0m
[0m[[0m[31merror[0m] [0m[0m    tests(orderedImplicitOrdered)[0m
[0m[[0m[31merror[0m] [0m[0m          ^[0m
[0m[[0m[31merror[0m] [0m[0m/Users/jesselord/work/IdeaProjects/functional-programming-in-scala/src/main/scala/chapter2.scala:52:11: No implicit view available from A => Ordered[A].[0m
[0m[[0m[31merror[0m] [0m[0m    tests(orderedViewBound)[0m
[0m[[0m[31merror[0m] [0m[0m          ^[0m
[0m[[0m[31merror[0m] [0m[0m5 errors found[0m
[0m[[0m[0mdebug[0m] [0m[0mForcing garbage collection...[0m
[0m[[0m[31merror[0m] [0m[0m(Compile / [31mcompileIncremental[0m) Compilation failed[0m
[0m[[0m[31merror[0m] [0m[0mTotal time: 1 s, completed Jun 25, 2021 8:41:07 AM[0m
[0m[[0m[0mdebug[0m] [0m[0m> Exec(idea-shell, None, None)[0m
